v ATLAS
# This file was created by ATLAS version 5.26.1.R on Wed May 13 20:06:27 2026.
#SSF 2.0 generic
##############################################################################
#                    Copyright (c) 1984 - 2018                               #
#                    Silvaco Inc. All rights reserved                        #
#                                                                            #
# This file format and the following Key are copyright Silvaco Inc.          #
# You may not use, this format or key without reproducing this message in    #
# full and obtaining express written permission from Silvaco Inc.            #
#                                                                            #
# To obtain such permission please contact: Silvaco Inc.                     #
#                                           support@silvaco.com              #
#                                                                            #
# KEY=SVC86hn7562asdx                       PROD=345                         #
##############################################################################
y 1 15
z 400
f 2 "anode" "cathode" 
o 1 MobProbe
o 2 ResProbe
o 3 ConProbe
p 9 2 601 20 3 602 21 3000 3001 3002 
d 0.000000000e+000 0.000000000e+000 -1.865963795e-017 0.000000000e+000 0.000000000e+000 6.703647708e-017 3.290999787e-001 5.124924712e+005 8.594666323e-005 
d 5.000000000e-002 5.000000000e-002 9.927235674e-007 0.000000000e+000 0.000000000e+000 -9.854314294e-007 3.290999787e-001 5.124924710e+005 8.594666323e-005 
d 1.000000000e-001 1.000000000e-001 1.970863889e-006 0.000000000e+000 0.000000000e+000 -1.970863882e-006 3.290999788e-001 5.124924708e+005 8.594666323e-005 
d 1.500000000e-001 1.500000000e-001 2.956295825e-006 0.000000000e+000 0.000000000e+000 -2.956295824e-006 3.290999789e-001 5.124924706e+005 8.594666323e-005 
d 2.000000000e-001 2.000000000e-001 3.941727765e-006 0.000000000e+000 0.000000000e+000 -3.941727765e-006 3.290999790e-001 5.124924704e+005 8.594666323e-005 
d 2.500000000e-001 2.500000000e-001 4.927159707e-006 0.000000000e+000 0.000000000e+000 -4.927159707e-006 3.290999790e-001 5.124924702e+005 8.594666323e-005 
d 3.000000000e-001 3.000000000e-001 5.912591648e-006 0.000000000e+000 0.000000000e+000 -5.912591648e-006 3.290999791e-001 5.124924700e+005 8.594666323e-005 
d 3.500000000e-001 3.500000000e-001 6.898023590e-006 0.000000000e+000 0.000000000e+000 -6.898023590e-006 3.290999792e-001 5.124924698e+005 8.594666324e-005 
d 4.000000000e-001 4.000000000e-001 7.883455532e-006 0.000000000e+000 0.000000000e+000 -7.883455532e-006 3.290999793e-001 5.124924696e+005 8.594666324e-005 
d 4.500000000e-001 4.500000000e-001 8.868887474e-006 0.000000000e+000 0.000000000e+000 -8.868887474e-006 3.290999793e-001 5.124924693e+005 8.594666324e-005 
d 5.000000000e-001 5.000000000e-001 9.854319417e-006 0.000000000e+000 0.000000000e+000 -9.854319417e-006 3.290999794e-001 5.124924690e+005 8.594666324e-005 
d 5.500000000e-001 5.500000000e-001 1.083975136e-005 0.000000000e+000 0.000000000e+000 -1.083975136e-005 3.290999795e-001 5.124924685e+005 8.594666324e-005 
d 6.000000000e-001 6.000000000e-001 1.182518330e-005 0.000000000e+000 0.000000000e+000 -1.182518330e-005 3.290999796e-001 5.124924677e+005 8.594666324e-005 
d 6.500000000e-001 6.500000000e-001 1.281061525e-005 0.000000000e+000 0.000000000e+000 -1.281061525e-005 3.290999797e-001 5.124924664e+005 8.594666325e-005 
d 7.000000000e-001 7.000000000e-001 1.379604719e-005 0.000000000e+000 0.000000000e+000 -1.379604719e-005 3.290999798e-001 5.124924639e+005 8.594666326e-005 
d 7.500000000e-001 7.500000000e-001 1.478147915e-005 0.000000000e+000 0.000000000e+000 -1.478147915e-005 3.290999799e-001 5.124924591e+005 8.594666328e-005 
d 8.000000000e-001 8.000000000e-001 1.576691110e-005 0.000000000e+000 0.000000000e+000 -1.576691110e-005 3.290999801e-001 5.124924498e+005 8.594666333e-005 
d 8.500000000e-001 8.500000000e-001 1.675234308e-005 0.000000000e+000 0.000000000e+000 -1.675234308e-005 3.290999804e-001 5.124924314e+005 8.594666341e-005 
d 9.000000000e-001 9.000000000e-001 1.773777508e-005 0.000000000e+000 0.000000000e+000 -1.773777508e-005 3.290999810e-001 5.124923948e+005 8.594666359e-005 
d 9.500000000e-001 9.500000000e-001 1.872320715e-005 0.000000000e+000 0.000000000e+000 -1.872320715e-005 3.290999821e-001 5.124923213e+005 8.594666395e-005 
d 1.000000000e+000 1.000000000e+000 1.970863937e-005 0.000000000e+000 0.000000000e+000 -1.970863937e-005 3.290999842e-001 5.124921735e+005 8.594666467e-005 
